  [1m[36m (1.8ms)[0m  [1mCREATE TABLE "schema_migrations" ("version" varchar NOT NULL) [0m
  [1m[35m (0.5ms)[0m  select sqlite_version(*)
  [1m[36m (1.2ms)[0m  [1mCREATE UNIQUE INDEX "unique_schema_migrations" ON "schema_migrations" ("version")[0m
  [1m[35mActiveRecord::SchemaMigration Load (0.1ms)[0m  SELECT "schema_migrations".* FROM "schema_migrations"
Migrating to DeviseCreateUsers (20151011203904)
  [1m[36m (0.0ms)[0m  [1mbegin transaction[0m
  [1m[35m (0.3ms)[0m  CREATE TABLE "users" ("id" INTEGER PRIMARY KEY AUTOINCREMENT NOT NULL, "email" varchar DEFAULT '' NOT NULL, "encrypted_password" varchar DEFAULT '' NOT NULL, "reset_password_token" varchar, "reset_password_sent_at" datetime, "remember_created_at" datetime, "sign_in_count" integer DEFAULT 0 NOT NULL, "current_sign_in_at" datetime, "last_sign_in_at" datetime, "current_sign_in_ip" varchar, "last_sign_in_ip" varchar, "created_at" datetime NOT NULL, "updated_at" datetime NOT NULL) 
  [1m[36m (0.3ms)[0m  [1mCREATE UNIQUE INDEX "index_users_on_email" ON "users" ("email")[0m
  [1m[35m (0.1ms)[0m              SELECT sql
            FROM sqlite_master
            WHERE name='index_users_on_email' AND type='index'
            UNION ALL
            SELECT sql
            FROM sqlite_temp_master
            WHERE name='index_users_on_email' AND type='index'

  [1m[36m (0.1ms)[0m  [1mCREATE UNIQUE INDEX "index_users_on_reset_password_token" ON "users" ("reset_password_token")[0m
  [1m[35mSQL (0.1ms)[0m  INSERT INTO "schema_migrations" ("version") VALUES (?)  [["version", "20151011203904"]]
  [1m[36m (1.1ms)[0m  [1mcommit transaction[0m
Migrating to AddNameToUsers (20151011203906)
  [1m[35m (0.0ms)[0m  begin transaction
  [1m[36m (0.3ms)[0m  [1mALTER TABLE "users" ADD "name" varchar[0m
  [1m[35mSQL (0.1ms)[0m  INSERT INTO "schema_migrations" ("version") VALUES (?)  [["version", "20151011203906"]]
  [1m[36m (0.8ms)[0m  [1mcommit transaction[0m
Migrating to AddConfirmableToUsers (20151011203909)
  [1m[35m (0.0ms)[0m  begin transaction
  [1m[36m (0.3ms)[0m  [1mALTER TABLE "users" ADD "confirmation_token" varchar[0m
  [1m[35m (0.1ms)[0m  ALTER TABLE "users" ADD "confirmed_at" datetime
  [1m[36m (0.2ms)[0m  [1mALTER TABLE "users" ADD "confirmation_sent_at" datetime[0m
  [1m[35m (0.2ms)[0m  ALTER TABLE "users" ADD "unconfirmed_email" varchar
  [1m[36mSQL (0.1ms)[0m  [1mINSERT INTO "schema_migrations" ("version") VALUES (?)[0m  [["version", "20151011203909"]]
  [1m[35m (0.8ms)[0m  commit transaction
  [1m[36mActiveRecord::SchemaMigration Load (0.1ms)[0m  [1mSELECT "schema_migrations".* FROM "schema_migrations"[0m
  [1m[35m (0.1ms)[0m              SELECT sql
            FROM sqlite_master
            WHERE name='index_users_on_reset_password_token' AND type='index'
            UNION ALL
            SELECT sql
            FROM sqlite_temp_master
            WHERE name='index_users_on_reset_password_token' AND type='index'

  [1m[36m (0.1ms)[0m  [1m            SELECT sql
            FROM sqlite_master
            WHERE name='index_users_on_email' AND type='index'
            UNION ALL
            SELECT sql
            FROM sqlite_temp_master
            WHERE name='index_users_on_email' AND type='index'
[0m
  [1m[36mActiveRecord::SchemaMigration Load (0.1ms)[0m  [1mSELECT "schema_migrations".* FROM "schema_migrations"[0m
Migrating to CreatePizzas (20151011213605)
  [1m[35m (0.0ms)[0m  begin transaction
  [1m[36m (0.3ms)[0m  [1mCREATE TABLE "pizzas" ("id" INTEGER PRIMARY KEY AUTOINCREMENT NOT NULL, "toppings" varchar, "size" integer, "sauce" integer, "crust" integer, "created_at" datetime NOT NULL, "updated_at" datetime NOT NULL) [0m
  [1m[35mSQL (0.1ms)[0m  INSERT INTO "schema_migrations" ("version") VALUES (?)  [["version", "20151011213605"]]
  [1m[36m (1.6ms)[0m  [1mcommit transaction[0m
Migrating to AddDeliveryToPizza (20151011214708)
  [1m[35m (0.1ms)[0m  begin transaction
  [1m[36m (0.2ms)[0m  [1mALTER TABLE "pizzas" ADD "delivery" boolean[0m
  [1m[35mSQL (0.1ms)[0m  INSERT INTO "schema_migrations" ("version") VALUES (?)  [["version", "20151011214708"]]
  [1m[36m (0.8ms)[0m  [1mcommit transaction[0m
  [1m[35mActiveRecord::SchemaMigration Load (0.1ms)[0m  SELECT "schema_migrations".* FROM "schema_migrations"
  [1m[36m (0.1ms)[0m  [1m            SELECT sql
            FROM sqlite_master
            WHERE name='index_users_on_reset_password_token' AND type='index'
            UNION ALL
            SELECT sql
            FROM sqlite_temp_master
            WHERE name='index_users_on_reset_password_token' AND type='index'
[0m
  [1m[35m (0.1ms)[0m              SELECT sql
            FROM sqlite_master
            WHERE name='index_users_on_email' AND type='index'
            UNION ALL
            SELECT sql
            FROM sqlite_temp_master
            WHERE name='index_users_on_email' AND type='index'

  [1m[36mActiveRecord::SchemaMigration Load (0.1ms)[0m  [1mSELECT "schema_migrations".* FROM "schema_migrations"[0m
Migrating to ChangePizzaAttrTypes (20151012000335)
  [1m[35m (0.1ms)[0m  begin transaction
  [1m[36m (0.5ms)[0m  [1mCREATE TEMPORARY TABLE "apizzas" ("id" INTEGER PRIMARY KEY AUTOINCREMENT NOT NULL, "toppings" varchar, "size" integer, "sauce" integer, "crust" integer, "created_at" datetime NOT NULL, "updated_at" datetime NOT NULL, "delivery" boolean) [0m
  [1m[35m (0.1ms)[0m  SELECT * FROM "pizzas"
  [1m[36m (0.3ms)[0m  [1mDROP TABLE "pizzas"[0m
  [1m[35m (0.1ms)[0m  CREATE TABLE "pizzas" ("id" INTEGER PRIMARY KEY AUTOINCREMENT NOT NULL, "toppings" varchar, "size" integer, "sauce" integer, "crust" integer, "created_at" datetime NOT NULL, "updated_at" datetime NOT NULL, "delivery" boolean) 
  [1m[36m (0.0ms)[0m  [1mSELECT * FROM "apizzas"[0m
  [1m[35m (0.3ms)[0m  DROP TABLE "apizzas"
  [1m[36m (0.1ms)[0m  [1mCREATE TEMPORARY TABLE "apizzas" ("id" INTEGER PRIMARY KEY AUTOINCREMENT NOT NULL, "toppings" varchar, "size" integer, "sauce" integer, "crust" integer, "created_at" datetime NOT NULL, "updated_at" datetime NOT NULL, "delivery" boolean) [0m
  [1m[35m (0.0ms)[0m  SELECT * FROM "pizzas"
  [1m[36m (0.3ms)[0m  [1mDROP TABLE "pizzas"[0m
  [1m[35m (0.1ms)[0m  CREATE TABLE "pizzas" ("id" INTEGER PRIMARY KEY AUTOINCREMENT NOT NULL, "toppings" varchar, "size" varchar, "sauce" integer, "crust" integer, "created_at" datetime NOT NULL, "updated_at" datetime NOT NULL, "delivery" boolean) 
  [1m[36m (0.0ms)[0m  [1mSELECT * FROM "apizzas"[0m
  [1m[35m (0.1ms)[0m  DROP TABLE "apizzas"
  [1m[36m (0.1ms)[0m  [1mCREATE TEMPORARY TABLE "apizzas" ("id" INTEGER PRIMARY KEY AUTOINCREMENT NOT NULL, "toppings" varchar, "size" varchar, "sauce" integer, "crust" integer, "created_at" datetime NOT NULL, "updated_at" datetime NOT NULL, "delivery" boolean) [0m
  [1m[35m (0.0ms)[0m  SELECT * FROM "pizzas"
  [1m[36m (0.1ms)[0m  [1mDROP TABLE "pizzas"[0m
  [1m[35m (0.1ms)[0m  CREATE TABLE "pizzas" ("id" INTEGER PRIMARY KEY AUTOINCREMENT NOT NULL, "toppings" varchar, "size" varchar, "sauce" varchar, "crust" integer, "created_at" datetime NOT NULL, "updated_at" datetime NOT NULL, "delivery" boolean) 
  [1m[36m (0.0ms)[0m  [1mSELECT * FROM "apizzas"[0m
  [1m[35m (0.1ms)[0m  DROP TABLE "apizzas"
  [1m[36m (0.1ms)[0m  [1mCREATE TEMPORARY TABLE "apizzas" ("id" INTEGER PRIMARY KEY AUTOINCREMENT NOT NULL, "toppings" varchar, "size" varchar, "sauce" varchar, "crust" integer, "created_at" datetime NOT NULL, "updated_at" datetime NOT NULL, "delivery" boolean) [0m
  [1m[35m (0.0ms)[0m  SELECT * FROM "pizzas"
  [1m[36m (0.1ms)[0m  [1mDROP TABLE "pizzas"[0m
  [1m[35m (0.1ms)[0m  CREATE TABLE "pizzas" ("id" INTEGER PRIMARY KEY AUTOINCREMENT NOT NULL, "toppings" varchar, "size" varchar, "sauce" varchar, "crust" varchar, "created_at" datetime NOT NULL, "updated_at" datetime NOT NULL, "delivery" boolean) 
  [1m[36m (0.0ms)[0m  [1mSELECT * FROM "apizzas"[0m
  [1m[35m (0.2ms)[0m  DROP TABLE "apizzas"
  [1m[36mSQL (0.2ms)[0m  [1mINSERT INTO "schema_migrations" ("version") VALUES (?)[0m  [["version", "20151012000335"]]
  [1m[35m (1.8ms)[0m  commit transaction
  [1m[36mActiveRecord::SchemaMigration Load (0.1ms)[0m  [1mSELECT "schema_migrations".* FROM "schema_migrations"[0m
  [1m[35m (0.1ms)[0m              SELECT sql
            FROM sqlite_master
            WHERE name='index_users_on_reset_password_token' AND type='index'
            UNION ALL
            SELECT sql
            FROM sqlite_temp_master
            WHERE name='index_users_on_reset_password_token' AND type='index'

  [1m[36m (0.1ms)[0m  [1m            SELECT sql
            FROM sqlite_master
            WHERE name='index_users_on_email' AND type='index'
            UNION ALL
            SELECT sql
            FROM sqlite_temp_master
            WHERE name='index_users_on_email' AND type='index'
[0m
